<?xml version="1.0" encoding="UTF-8"?>
<testng-results ignored="0" total="1" passed="1" failed="0" skipped="0">
  <reporter-output>
  </reporter-output>
  <suite started-at="2023-04-23T07:46:36Z" name="Default suite" finished-at="2023-04-23T07:46:48Z" duration-ms="11695">
    <groups>
    </groups>
    <test started-at="2023-04-23T07:46:36Z" name="Default test" finished-at="2023-04-23T07:46:48Z" duration-ms="11695">
      <class name="Testcases.LoginTest">
        <test-method is-config="true" signature="setup()[pri:0, instance:Testcases.LoginTest@609db546]" started-at="2023-04-23T07:46:36Z" name="setup" finished-at="2023-04-23T07:46:39Z" duration-ms="3132" status="PASS">
          <reporter-output>
          </reporter-output>
        </test-method> <!-- setup -->
        <test-method signature="test1()[pri:0, instance:Testcases.LoginTest@609db546]" started-at="2023-04-23T07:46:39Z" name="test1" finished-at="2023-04-23T07:46:48Z" duration-ms="8246" status="PASS">
          <reporter-output>
          </reporter-output>
        </test-method> <!-- test1 -->
        <test-method is-config="true" signature="teardown()[pri:0, instance:Testcases.LoginTest@609db546]" started-at="2023-04-23T07:46:48Z" name="teardown" finished-at="2023-04-23T07:46:48Z" duration-ms="294" status="PASS">
          <reporter-output>
          </reporter-output>
        </test-method> <!-- teardown -->
      </class> <!-- Testcases.LoginTest -->
    </test> <!-- Default test -->
  </suite> <!-- Default suite -->
</testng-results>
